<?xml version="1.0" encoding="UTF-8"?>
<!-- Generated by org.testng.reporters.JUnitXMLReporter -->
<testsuite ignored="0" hostname="GRD-LTP-133" failures="4" tests="4" name="Claim Process" time="18.749" errors="0" timestamp="30 Jul 2024 05:00:40 GMT">
  <testcase classname="com.ABSLI.qa.testcases.cliam.gps.Intimationtest" name="CreateClaims" time="0.0">
    <failure type="org.testng.TestNGException" message="
Data Provider public java.lang.Object[][] com.ABSLI.qa.testcases.cliam.gps.Intimationtest.getTestClaiIntimation() must return either Object[][] or Iterator&amp;lt;Object&amp;gt;[], not class [[Ljava.lang.Object;">
      <![CDATA[org.testng.TestNGException: 
Data Provider public java.lang.Object[][] com.ABSLI.qa.testcases.cliam.gps.Intimationtest.getTestClaiIntimation() must return either Object[][] or Iterator<Object>[], not class [[Ljava.lang.Object;
... Removed 22 stack frames]]>
    </failure>
  </testcase> <!-- CreateClaims -->
  <testcase classname="com.ABSLI.qa.testcases.cliam.gps.Registrationtest" name="RegistrationTest" time="0.0">
    <failure type="org.testng.TestNGException" message="
Data Provider public java.lang.Object[][] com.ABSLI.qa.testcases.cliam.gps.Registrationtest.getTestClaimRegistration() must return either Object[][] or Iterator&amp;lt;Object&amp;gt;[], not class [[Ljava.lang.Object;">
      <![CDATA[org.testng.TestNGException: 
Data Provider public java.lang.Object[][] com.ABSLI.qa.testcases.cliam.gps.Registrationtest.getTestClaimRegistration() must return either Object[][] or Iterator<Object>[], not class [[Ljava.lang.Object;
... Removed 22 stack frames]]>
    </failure>
  </testcase> <!-- RegistrationTest -->
  <testcase classname="com.ABSLI.qa.testcases.cliam.gps.Assessmenttest" name="ClaimsAssessment" time="0.0">
    <failure type="org.testng.TestNGException" message="
Data Provider public java.lang.Object[][] com.ABSLI.qa.testcases.cliam.gps.Assessmenttest.getTestClaiIntimation() must return either Object[][] or Iterator&amp;lt;Object&amp;gt;[], not class [[Ljava.lang.Object;">
      <![CDATA[org.testng.TestNGException: 
Data Provider public java.lang.Object[][] com.ABSLI.qa.testcases.cliam.gps.Assessmenttest.getTestClaiIntimation() must return either Object[][] or Iterator<Object>[], not class [[Ljava.lang.Object;
... Removed 22 stack frames]]>
    </failure>
  </testcase> <!-- ClaimsAssessment -->
  <testcase classname="com.ABSLI.qa.testcases.cliam.gps.Approvaltest" name="Approvetest" time="0.0">
    <failure type="org.testng.TestNGException" message="
Data Provider public java.lang.Object[][] com.ABSLI.qa.testcases.cliam.gps.Approvaltest.getTestClaimRegistration() must return either Object[][] or Iterator&amp;lt;Object&amp;gt;[], not class [[Ljava.lang.Object;">
      <![CDATA[org.testng.TestNGException: 
Data Provider public java.lang.Object[][] com.ABSLI.qa.testcases.cliam.gps.Approvaltest.getTestClaimRegistration() must return either Object[][] or Iterator<Object>[], not class [[Ljava.lang.Object;
... Removed 22 stack frames]]>
    </failure>
  </testcase> <!-- Approvetest -->
</testsuite> <!-- Claim Process -->
