<?xml version="1.0" encoding="UTF-8"?>
<!-- Generated by org.testng.reporters.JUnitXMLReporter -->
<testsuite ignored="0" hostname="GRD-LTP-133" failures="0" tests="2" name="Test" time="1.46" errors="0" timestamp="22 May 2024 08:40:40 GMT">
  <testcase classname="com.ABSLI.qa.testcases.ClaimspageTest" name="@BeforeClass setup" time="0.015">
    <failure type="java.lang.NullPointerException" message="Cannot invoke &amp;quot;String.equals(Object)&amp;quot; because &amp;quot;browsername&amp;quot; is null">
      <![CDATA[java.lang.NullPointerException: Cannot invoke "String.equals(Object)" because "browsername" is null
	at com.ABSLI.qa.base.AbsliParent.initial(AbsliParent.java:42)
	at com.ABSLI.qa.testcases.ClaimspageTest.setup(ClaimspageTest.java:21)
... Removed 25 stack frames]]>
    </failure>
  </testcase> <!-- @BeforeClass setup -->
  <testcase classname="com.ABSLI.qa.testcases.ClaimspageTest" name="CreateClaims" time="0.0">
    <skipped/>
  </testcase> <!-- CreateClaims -->
  <testcase classname="com.ABSLI.qa.testcases.ClaimspageTest" name="logintest" time="0.0">
    <skipped/>
  </testcase> <!-- logintest -->
</testsuite> <!-- Test -->
