<?xml version="1.0" encoding="UTF-8"?>
<testng-results ignored="0" total="1" passed="1" failed="0" skipped="0">
  <reporter-output>
  </reporter-output>
  <suite started-at="2024-07-08T11:05:54Z" name="Default suite" finished-at="2024-07-08T11:06:43Z" duration-ms="48758">
    <groups>
    </groups>
    <test started-at="2024-07-08T11:05:54Z" name="Default test" finished-at="2024-07-08T11:06:43Z" duration-ms="48758">
      <class name="com.ABSLI.qa.testcases.Newbusiness.VoluntaryMemberUploadtest">
        <test-method is-config="true" signature="setup()[pri:0, instance:com.ABSLI.qa.testcases.Newbusiness.VoluntaryMemberUploadtest@21337f7b]" started-at="2024-07-08T16:35:54Z" name="setup" finished-at="2024-07-08T16:36:11Z" duration-ms="16376" status="PASS">
          <reporter-output>
          </reporter-output>
        </test-method> <!-- setup -->
        <test-method signature="Voluntryaddmember()[pri:0, instance:com.ABSLI.qa.testcases.Newbusiness.VoluntaryMemberUploadtest@21337f7b]" started-at="2024-07-08T16:36:11Z" name="Voluntryaddmember" finished-at="2024-07-08T16:36:43Z" duration-ms="32358" status="PASS">
          <reporter-output>
          </reporter-output>
        </test-method> <!-- Voluntryaddmember -->
      </class> <!-- com.ABSLI.qa.testcases.Newbusiness.VoluntaryMemberUploadtest -->
    </test> <!-- Default test -->
  </suite> <!-- Default suite -->
</testng-results>
