<?xml version="1.0" encoding="UTF-8"?>
<testng-results ignored="0" total="1" passed="1" failed="0" skipped="0">
  <reporter-output>
  </reporter-output>
  <suite started-at="2024-07-23T07:24:50Z" name="Default suite" finished-at="2024-07-23T07:25:37Z" duration-ms="46942">
    <groups>
    </groups>
    <test started-at="2024-07-23T07:24:50Z" name="Default test" finished-at="2024-07-23T07:25:37Z" duration-ms="46942">
      <class name="com.ABSLI.qa.testcases.renewal.RenewalMemberUploadtest">
        <test-method is-config="true" signature="setup()[pri:0, instance:com.ABSLI.qa.testcases.renewal.RenewalMemberUploadtest@512baff6]" started-at="2024-07-23T12:54:52Z" name="setup" finished-at="2024-07-23T12:55:08Z" duration-ms="16145" status="PASS">
          <reporter-output>
          </reporter-output>
        </test-method> <!-- setup -->
        <test-method signature="renewaluploaded(java.lang.String, java.lang.String, java.lang.String, java.lang.String, java.lang.String)[pri:0, instance:com.ABSLI.qa.testcases.renewal.RenewalMemberUploadtest@512baff6]" started-at="2024-07-23T12:55:08Z" name="renewaluploaded" data-provider="RenewalMember" finished-at="2024-07-23T12:55:37Z" duration-ms="29551" status="PASS">
          <params>
            <param index="0">
              <value>
                <![CDATA[Cynnent]]>
              </value>
            </param>
            <param index="1">
              <value>
                <![CDATA[CYNGPOY202400021305]]>
              </value>
            </param>
            <param index="2">
              <value>
                <![CDATA[786756]]>
              </value>
            </param>
            <param index="3">
              <value>
                <![CDATA[Diana]]>
              </value>
            </param>
            <param index="4">
              <value>
                <![CDATA[C:\\Users\\Mallikandan E\\Documents\\New Member Addition Template 05-07-01.xlsx]]>
              </value>
            </param>
          </params>
          <reporter-output>
          </reporter-output>
        </test-method> <!-- renewaluploaded -->
      </class> <!-- com.ABSLI.qa.testcases.renewal.RenewalMemberUploadtest -->
    </test> <!-- Default test -->
  </suite> <!-- Default suite -->
</testng-results>
