<?xml version="1.0" encoding="UTF-8"?>
<testng-results ignored="0" total="1" passed="1" failed="0" skipped="0">
  <reporter-output>
  </reporter-output>
  <suite started-at="2024-05-24T11:14:15Z" name="Default suite" finished-at="2024-05-24T11:15:21Z" duration-ms="65277">
    <groups>
    </groups>
    <test started-at="2024-05-24T11:14:15Z" name="Default test" finished-at="2024-05-24T11:15:21Z" duration-ms="65277">
      <class name="com.ABSLI.qa.testcases.ClaimsApprovalpageTest">
        <test-method is-config="true" signature="setup()[pri:0, instance:com.ABSLI.qa.testcases.ClaimsApprovalpageTest@21337f7b]" started-at="2024-05-24T16:44:15Z" name="setup" finished-at="2024-05-24T16:44:31Z" duration-ms="15454" status="PASS">
          <reporter-output>
          </reporter-output>
        </test-method> <!-- setup -->
        <test-method signature="Approvetest()[pri:1, instance:com.ABSLI.qa.testcases.ClaimsApprovalpageTest@21337f7b]" started-at="2024-05-24T16:44:31Z" name="Approvetest" finished-at="2024-05-24T16:45:21Z" duration-ms="49775" status="PASS">
          <reporter-output>
          </reporter-output>
        </test-method> <!-- Approvetest -->
      </class> <!-- com.ABSLI.qa.testcases.ClaimsApprovalpageTest -->
    </test> <!-- Default test -->
  </suite> <!-- Default suite -->
</testng-results>
