<?xml version="1.0" encoding="UTF-8"?>
<!-- Generated by org.testng.reporters.JUnitXMLReporter -->
<testsuite ignored="0" hostname="GRD-LTP-119" failures="1" tests="1" name="Test" time="1.028" errors="0" timestamp="2024-07-09T10:05:42 IST">
  <testcase classname="com.absli.client.organization.testcases.ClientOrganizationWithOutGST" name="createClientWithMandatoryFieldsAndWithoutGST" time="0.0">
    <failure type="org.testng.TestNGException" message="
Data Provider public java.lang.Object[][] com.absli.client.organization.testcases.CreateAClientOrga.getTestDataFromTC_CO_001() returned a null value">
      <![CDATA[org.testng.TestNGException: 
Data Provider public java.lang.Object[][] com.absli.client.organization.testcases.CreateAClientOrga.getTestDataFromTC_CO_001() returned a null value
at java.base/java.util.ArrayList.forEach(ArrayList.java:1511)
... Removed 24 stack frames]]>
    </failure>
  </testcase> <!-- createClientWithMandatoryFieldsAndWithoutGST -->
</testsuite> <!-- Test -->
